[0.006s] Invoking command in '/home/xch/code/Ros2/chap02/demo_cpp_pkg/build/demo_cpp_pkg': CMAKE_PREFIX_PATH=${CMAKE_PREFIX_PATH}:/opt/ros/jazzy DEBUGINFOD_URLS=https://debuginfod.ubuntu.com /usr/bin/cmake /home/xch/code/Ros2/chap02/demo_cpp_pkg -DCMAKE_INSTALL_PREFIX=/home/xch/code/Ros2/chap02/demo_cpp_pkg/install/demo_cpp_pkg
[0.044s] -- The C compiler identification is GNU 13.3.0
[0.084s] -- The CXX compiler identification is GNU 13.3.0
[0.098s] -- Detecting C compiler ABI info
[0.176s] -- Detecting C compiler ABI info - done
[0.181s] -- Check for working C compiler: /usr/bin/cc - skipped
[0.182s] -- Detecting C compile features
[0.182s] -- Detecting C compile features - done
[0.189s] -- Detecting CXX compiler ABI info
[0.260s] -- Detecting CXX compiler ABI info - done
[0.266s] -- Check for working CXX compiler: /usr/bin/c++ - skipped
[0.266s] -- Detecting CXX compile features
[0.267s] -- Detecting CXX compile features - done
[0.268s] -- Found ament_cmake: 2.5.5 (/opt/ros/jazzy/share/ament_cmake/cmake)
[0.362s] -- Found Python3: /usr/bin/python3 (found version "3.12.3") found components: Interpreter 
[0.418s] -- Found rclcpp: 28.1.16 (/opt/ros/jazzy/share/rclcpp/cmake)
[0.439s] -- Found rosidl_generator_c: 4.6.7 (/opt/ros/jazzy/share/rosidl_generator_c/cmake)
[0.445s] -- Found rosidl_generator_cpp: 4.6.7 (/opt/ros/jazzy/share/rosidl_generator_cpp/cmake)
[0.453s] -- Using all available rosidl_typesupport_c: rosidl_typesupport_fastrtps_c;rosidl_typesupport_introspection_c
[0.463s] -- Using all available rosidl_typesupport_cpp: rosidl_typesupport_fastrtps_cpp;rosidl_typesupport_introspection_cpp
[0.505s] -- Found rmw_implementation_cmake: 7.3.3 (/opt/ros/jazzy/share/rmw_implementation_cmake/cmake)
[0.507s] -- Found rmw_fastrtps_cpp: 8.4.3 (/opt/ros/jazzy/share/rmw_fastrtps_cpp/cmake)
[0.567s] -- Found OpenSSL: /usr/lib/x86_64-linux-gnu/libcrypto.so (found version "3.0.13")  
[0.585s] -- Found FastRTPS: /opt/ros/jazzy/include (Required is at least version "2.13") 
[0.604s] -- Using RMW implementation 'rmw_fastrtps_cpp' as default
[0.661s] -- Found ament_lint_auto: 0.17.4 (/opt/ros/jazzy/share/ament_lint_auto/cmake)
[0.729s] -- Added test 'cppcheck' to perform static code analysis on C / C++ code
[0.729s] -- Configured cppcheck include dirs: 
[0.729s] -- Configured cppcheck exclude dirs and/or files: 
[0.730s] -- Added test 'lint_cmake' to check CMake code style
[0.732s] -- Added test 'uncrustify' to check C / C++ code style
[0.732s] -- Configured uncrustify additional arguments: 
[0.732s] -- Added test 'xmllint' to check XML markup files
[0.733s] -- Configuring done (0.7s)
[0.738s] -- Generating done (0.0s)
[0.740s] -- Build files have been written to: /home/xch/code/Ros2/chap02/demo_cpp_pkg/build/demo_cpp_pkg
[0.746s] Invoked command in '/home/xch/code/Ros2/chap02/demo_cpp_pkg/build/demo_cpp_pkg' returned '0': CMAKE_PREFIX_PATH=${CMAKE_PREFIX_PATH}:/opt/ros/jazzy DEBUGINFOD_URLS=https://debuginfod.ubuntu.com /usr/bin/cmake /home/xch/code/Ros2/chap02/demo_cpp_pkg -DCMAKE_INSTALL_PREFIX=/home/xch/code/Ros2/chap02/demo_cpp_pkg/install/demo_cpp_pkg
[0.747s] Invoking command in '/home/xch/code/Ros2/chap02/demo_cpp_pkg/build/demo_cpp_pkg': CMAKE_PREFIX_PATH=${CMAKE_PREFIX_PATH}:/opt/ros/jazzy DEBUGINFOD_URLS=https://debuginfod.ubuntu.com /usr/bin/cmake --build /home/xch/code/Ros2/chap02/demo_cpp_pkg/build/demo_cpp_pkg -- -j20 -l20
[0.783s] [ 50%] [32mBuilding CXX object CMakeFiles/demo_cpp_pkg.dir/src/cpp_node.cpp.o[0m
[2.312s] [100%] [32m[1mLinking CXX executable demo_cpp_pkg[0m
[2.384s] [100%] Built target demo_cpp_pkg
[2.391s] Invoked command in '/home/xch/code/Ros2/chap02/demo_cpp_pkg/build/demo_cpp_pkg' returned '0': CMAKE_PREFIX_PATH=${CMAKE_PREFIX_PATH}:/opt/ros/jazzy DEBUGINFOD_URLS=https://debuginfod.ubuntu.com /usr/bin/cmake --build /home/xch/code/Ros2/chap02/demo_cpp_pkg/build/demo_cpp_pkg -- -j20 -l20
[2.398s] Invoking command in '/home/xch/code/Ros2/chap02/demo_cpp_pkg/build/demo_cpp_pkg': CMAKE_PREFIX_PATH=${CMAKE_PREFIX_PATH}:/opt/ros/jazzy DEBUGINFOD_URLS=https://debuginfod.ubuntu.com /usr/bin/cmake --install /home/xch/code/Ros2/chap02/demo_cpp_pkg/build/demo_cpp_pkg
[2.404s] -- Install configuration: ""
[2.404s] -- Installing: /home/xch/code/Ros2/chap02/demo_cpp_pkg/install/demo_cpp_pkg/share/ament_index/resource_index/package_run_dependencies/demo_cpp_pkg
[2.404s] -- Installing: /home/xch/code/Ros2/chap02/demo_cpp_pkg/install/demo_cpp_pkg/share/ament_index/resource_index/parent_prefix_path/demo_cpp_pkg
[2.404s] -- Installing: /home/xch/code/Ros2/chap02/demo_cpp_pkg/install/demo_cpp_pkg/share/demo_cpp_pkg/environment/ament_prefix_path.sh
[2.404s] -- Installing: /home/xch/code/Ros2/chap02/demo_cpp_pkg/install/demo_cpp_pkg/share/demo_cpp_pkg/environment/ament_prefix_path.dsv
[2.404s] -- Installing: /home/xch/code/Ros2/chap02/demo_cpp_pkg/install/demo_cpp_pkg/share/demo_cpp_pkg/environment/path.sh
[2.404s] -- Installing: /home/xch/code/Ros2/chap02/demo_cpp_pkg/install/demo_cpp_pkg/share/demo_cpp_pkg/environment/path.dsv
[2.405s] -- Installing: /home/xch/code/Ros2/chap02/demo_cpp_pkg/install/demo_cpp_pkg/share/demo_cpp_pkg/local_setup.bash
[2.405s] -- Installing: /home/xch/code/Ros2/chap02/demo_cpp_pkg/install/demo_cpp_pkg/share/demo_cpp_pkg/local_setup.sh
[2.405s] -- Installing: /home/xch/code/Ros2/chap02/demo_cpp_pkg/install/demo_cpp_pkg/share/demo_cpp_pkg/local_setup.zsh
[2.405s] -- Installing: /home/xch/code/Ros2/chap02/demo_cpp_pkg/install/demo_cpp_pkg/share/demo_cpp_pkg/local_setup.dsv
[2.405s] -- Installing: /home/xch/code/Ros2/chap02/demo_cpp_pkg/install/demo_cpp_pkg/share/demo_cpp_pkg/package.dsv
[2.405s] -- Installing: /home/xch/code/Ros2/chap02/demo_cpp_pkg/install/demo_cpp_pkg/share/ament_index/resource_index/packages/demo_cpp_pkg
[2.405s] -- Installing: /home/xch/code/Ros2/chap02/demo_cpp_pkg/install/demo_cpp_pkg/share/demo_cpp_pkg/cmake/demo_cpp_pkgConfig.cmake
[2.405s] -- Installing: /home/xch/code/Ros2/chap02/demo_cpp_pkg/install/demo_cpp_pkg/share/demo_cpp_pkg/cmake/demo_cpp_pkgConfig-version.cmake
[2.405s] -- Installing: /home/xch/code/Ros2/chap02/demo_cpp_pkg/install/demo_cpp_pkg/share/demo_cpp_pkg/package.xml
[2.406s] Invoked command in '/home/xch/code/Ros2/chap02/demo_cpp_pkg/build/demo_cpp_pkg' returned '0': CMAKE_PREFIX_PATH=${CMAKE_PREFIX_PATH}:/opt/ros/jazzy DEBUGINFOD_URLS=https://debuginfod.ubuntu.com /usr/bin/cmake --install /home/xch/code/Ros2/chap02/demo_cpp_pkg/build/demo_cpp_pkg
