[0.006s] Invoking command in '/home/xch/code/Ros2/chap02/demo_cpp_pkg/build/demo_cpp_pkg': CMAKE_PREFIX_PATH=${CMAKE_PREFIX_PATH}:/opt/ros/jazzy DEBUGINFOD_URLS=https://debuginfod.ubuntu.com /usr/bin/cmake --build /home/xch/code/Ros2/chap02/demo_cpp_pkg/build/demo_cpp_pkg -- -j20 -l20
[0.027s] -- Found ament_cmake: 2.5.5 (/opt/ros/jazzy/share/ament_cmake/cmake)
[0.172s] -- Found rclcpp: 28.1.16 (/opt/ros/jazzy/share/rclcpp/cmake)
[0.187s] -- Found rosidl_generator_c: 4.6.7 (/opt/ros/jazzy/share/rosidl_generator_c/cmake)
[0.192s] -- Found rosidl_generator_cpp: 4.6.7 (/opt/ros/jazzy/share/rosidl_generator_cpp/cmake)
[0.198s] -- Using all available rosidl_typesupport_c: rosidl_typesupport_fastrtps_c;rosidl_typesupport_introspection_c
[0.206s] -- Using all available rosidl_typesupport_cpp: rosidl_typesupport_fastrtps_cpp;rosidl_typesupport_introspection_cpp
[0.241s] -- Found rmw_implementation_cmake: 7.3.3 (/opt/ros/jazzy/share/rmw_implementation_cmake/cmake)
[0.242s] -- Found rmw_fastrtps_cpp: 8.4.3 (/opt/ros/jazzy/share/rmw_fastrtps_cpp/cmake)
[0.285s] -- Using RMW implementation 'rmw_fastrtps_cpp' as default
[0.325s] -- Found ament_lint_auto: 0.17.4 (/opt/ros/jazzy/share/ament_lint_auto/cmake)
[0.383s] -- Added test 'cppcheck' to perform static code analysis on C / C++ code
[0.383s] -- Configured cppcheck include dirs: 
[0.383s] -- Configured cppcheck exclude dirs and/or files: 
[0.384s] -- Added test 'flake8' to check Python code syntax and style conventions
[0.384s] -- Configured 'flake8' exclude dirs and/or files: 
[0.385s] -- Added test 'lint_cmake' to check CMake code style
[0.386s] -- Added test 'pep257' to check Python code against some of the docstring style conventions in PEP 257
[0.390s] -- Added test 'uncrustify' to check C / C++ code style
[0.390s] -- Configured uncrustify additional arguments: 
[0.390s] -- Added test 'xmllint' to check XML markup files
[0.391s] -- Configuring done (0.4s)
[0.396s] -- Generating done (0.0s)
[0.398s] -- Build files have been written to: /home/xch/code/Ros2/chap02/demo_cpp_pkg/build/demo_cpp_pkg
[0.426s] [ 50%] [32mBuilding CXX object CMakeFiles/cpp_node.dir/src/cpp_node.cpp.o[0m
[1.919s] [100%] [32m[1mLinking CXX executable cpp_node[0m
[1.984s] [100%] Built target cpp_node
[1.992s] Invoked command in '/home/xch/code/Ros2/chap02/demo_cpp_pkg/build/demo_cpp_pkg' returned '0': CMAKE_PREFIX_PATH=${CMAKE_PREFIX_PATH}:/opt/ros/jazzy DEBUGINFOD_URLS=https://debuginfod.ubuntu.com /usr/bin/cmake --build /home/xch/code/Ros2/chap02/demo_cpp_pkg/build/demo_cpp_pkg -- -j20 -l20
[1.998s] Invoking command in '/home/xch/code/Ros2/chap02/demo_cpp_pkg/build/demo_cpp_pkg': CMAKE_PREFIX_PATH=${CMAKE_PREFIX_PATH}:/opt/ros/jazzy DEBUGINFOD_URLS=https://debuginfod.ubuntu.com /usr/bin/cmake --install /home/xch/code/Ros2/chap02/demo_cpp_pkg/build/demo_cpp_pkg
[2.005s] -- Install configuration: ""
[2.005s] -- Installing: /home/xch/code/Ros2/chap02/demo_cpp_pkg/install/demo_cpp_pkg/lib/demo_cpp_pkg/cpp_node
[2.006s] -- Set non-toolchain portion of runtime path of "/home/xch/code/Ros2/chap02/demo_cpp_pkg/install/demo_cpp_pkg/lib/demo_cpp_pkg/cpp_node" to ""
[2.006s] -- Up-to-date: /home/xch/code/Ros2/chap02/demo_cpp_pkg/install/demo_cpp_pkg/share/ament_index/resource_index/package_run_dependencies/demo_cpp_pkg
[2.006s] -- Installing: /home/xch/code/Ros2/chap02/demo_cpp_pkg/install/demo_cpp_pkg/share/ament_index/resource_index/parent_prefix_path/demo_cpp_pkg
[2.006s] -- Up-to-date: /home/xch/code/Ros2/chap02/demo_cpp_pkg/install/demo_cpp_pkg/share/demo_cpp_pkg/environment/ament_prefix_path.sh
[2.006s] -- Up-to-date: /home/xch/code/Ros2/chap02/demo_cpp_pkg/install/demo_cpp_pkg/share/demo_cpp_pkg/environment/ament_prefix_path.dsv
[2.006s] -- Up-to-date: /home/xch/code/Ros2/chap02/demo_cpp_pkg/install/demo_cpp_pkg/share/demo_cpp_pkg/environment/path.sh
[2.007s] -- Up-to-date: /home/xch/code/Ros2/chap02/demo_cpp_pkg/install/demo_cpp_pkg/share/demo_cpp_pkg/environment/path.dsv
[2.007s] -- Up-to-date: /home/xch/code/Ros2/chap02/demo_cpp_pkg/install/demo_cpp_pkg/share/demo_cpp_pkg/local_setup.bash
[2.007s] -- Up-to-date: /home/xch/code/Ros2/chap02/demo_cpp_pkg/install/demo_cpp_pkg/share/demo_cpp_pkg/local_setup.sh
[2.007s] -- Up-to-date: /home/xch/code/Ros2/chap02/demo_cpp_pkg/install/demo_cpp_pkg/share/demo_cpp_pkg/local_setup.zsh
[2.007s] -- Up-to-date: /home/xch/code/Ros2/chap02/demo_cpp_pkg/install/demo_cpp_pkg/share/demo_cpp_pkg/local_setup.dsv
[2.007s] -- Installing: /home/xch/code/Ros2/chap02/demo_cpp_pkg/install/demo_cpp_pkg/share/demo_cpp_pkg/package.dsv
[2.007s] -- Up-to-date: /home/xch/code/Ros2/chap02/demo_cpp_pkg/install/demo_cpp_pkg/share/ament_index/resource_index/packages/demo_cpp_pkg
[2.007s] -- Up-to-date: /home/xch/code/Ros2/chap02/demo_cpp_pkg/install/demo_cpp_pkg/share/demo_cpp_pkg/cmake/demo_cpp_pkgConfig.cmake
[2.007s] -- Up-to-date: /home/xch/code/Ros2/chap02/demo_cpp_pkg/install/demo_cpp_pkg/share/demo_cpp_pkg/cmake/demo_cpp_pkgConfig-version.cmake
[2.007s] -- Up-to-date: /home/xch/code/Ros2/chap02/demo_cpp_pkg/install/demo_cpp_pkg/share/demo_cpp_pkg/package.xml
[2.008s] Invoked command in '/home/xch/code/Ros2/chap02/demo_cpp_pkg/build/demo_cpp_pkg' returned '0': CMAKE_PREFIX_PATH=${CMAKE_PREFIX_PATH}:/opt/ros/jazzy DEBUGINFOD_URLS=https://debuginfod.ubuntu.com /usr/bin/cmake --install /home/xch/code/Ros2/chap02/demo_cpp_pkg/build/demo_cpp_pkg
