[0.052s] DEBUG:colcon:Command line arguments: ['/usr/bin/colcon', 'build']
[0.053s] DEBUG:colcon:Parsed command line arguments: Namespace(log_base=None, log_level=None, verb_name='build', build_base='build', install_base='install', merge_install=False, symlink_install=False, test_result_base=None, continue_on_error=False, executor='parallel', parallel_workers=20, event_handlers=None, ignore_user_meta=False, metas=['./colcon.meta'], base_paths=['.'], packages_ignore=None, packages_ignore_regex=None, paths=None, packages_up_to=None, packages_up_to_regex=None, packages_above=None, packages_above_and_dependencies=None, packages_above_depth=None, packages_select_by_dep=None, packages_skip_by_dep=None, packages_skip_up_to=None, packages_select_build_failed=False, packages_skip_build_finished=False, packages_select_test_failures=False, packages_skip_test_passed=False, packages_select=None, packages_skip=None, packages_select_regex=None, packages_skip_regex=None, packages_start=None, packages_end=None, allow_overriding=[], cmake_args=None, cmake_target=None, cmake_target_skip_unavailable=False, cmake_clean_cache=False, cmake_clean_first=False, cmake_force_configure=False, ament_cmake_args=None, catkin_cmake_args=None, catkin_skip_building_tests=False, verb_parser=<colcon_defaults.argument_parser.defaults.DefaultArgumentsDecorator object at 0x76e8c8c895e0>, verb_extension=<colcon_core.verb.build.BuildVerb object at 0x76e8c8c89280>, main=<bound method BuildVerb.main of <colcon_core.verb.build.BuildVerb object at 0x76e8c8c89280>>)
[0.073s] Level 1:colcon.colcon_core.package_discovery:discover_packages(colcon_meta) check parameters
[0.073s] Level 1:colcon.colcon_core.package_discovery:discover_packages(recursive) check parameters
[0.073s] Level 1:colcon.colcon_core.package_discovery:discover_packages(ignore) check parameters
[0.073s] Level 1:colcon.colcon_core.package_discovery:discover_packages(path) check parameters
[0.073s] Level 1:colcon.colcon_core.package_discovery:discover_packages(colcon_meta) discover
[0.073s] Level 1:colcon.colcon_core.package_discovery:discover_packages(recursive) discover
[0.073s] INFO:colcon.colcon_core.package_discovery:Crawling recursively for packages in '/home/xch/code/Ros2/chap02/demo_cpp_pkg'
[0.073s] Level 1:colcon.colcon_core.package_identification:_identify(.) by extensions ['ignore', 'ignore_ament_install']
[0.073s] Level 1:colcon.colcon_core.package_identification:_identify(.) by extension 'ignore'
[0.073s] Level 1:colcon.colcon_core.package_identification:_identify(.) by extension 'ignore_ament_install'
[0.073s] Level 1:colcon.colcon_core.package_identification:_identify(.) by extensions ['colcon_pkg']
[0.073s] Level 1:colcon.colcon_core.package_identification:_identify(.) by extension 'colcon_pkg'
[0.073s] Level 1:colcon.colcon_core.package_identification:_identify(.) by extensions ['colcon_meta']
[0.073s] Level 1:colcon.colcon_core.package_identification:_identify(.) by extension 'colcon_meta'
[0.073s] Level 1:colcon.colcon_core.package_identification:_identify(.) by extensions ['ros']
[0.073s] Level 1:colcon.colcon_core.package_identification:_identify(.) by extension 'ros'
[0.089s] DEBUG:colcon.colcon_core.package_identification:Package '.' with type 'ros.ament_cmake' and name 'demo_cpp_pkg'
[0.089s] Level 1:colcon.colcon_core.package_discovery:discover_packages(recursive) using defaults
[0.089s] Level 1:colcon.colcon_core.package_discovery:discover_packages(ignore) discover
[0.089s] Level 1:colcon.colcon_core.package_discovery:discover_packages(ignore) using defaults
[0.089s] Level 1:colcon.colcon_core.package_discovery:discover_packages(path) discover
[0.089s] Level 1:colcon.colcon_core.package_discovery:discover_packages(path) using defaults
[0.099s] Level 1:colcon.colcon_core.package_discovery:discover_packages(prefix_path) check parameters
[0.099s] Level 1:colcon.colcon_core.package_discovery:discover_packages(prefix_path) discover
[0.099s] DEBUG:colcon.colcon_installed_package_information.package_discovery:Found 1 installed packages in /home/xch/code/Ros2/chap02/demo_cpp_pkg/install
[0.100s] DEBUG:colcon.colcon_installed_package_information.package_discovery:Found 286 installed packages in /opt/ros/jazzy
[0.100s] Level 1:colcon.colcon_core.package_discovery:discover_packages(prefix_path) using defaults
[0.120s] Level 5:colcon.colcon_core.verb:set package 'demo_cpp_pkg' build argument 'cmake_args' from command line to 'None'
[0.120s] Level 5:colcon.colcon_core.verb:set package 'demo_cpp_pkg' build argument 'cmake_target' from command line to 'None'
[0.120s] Level 5:colcon.colcon_core.verb:set package 'demo_cpp_pkg' build argument 'cmake_target_skip_unavailable' from command line to 'False'
[0.120s] Level 5:colcon.colcon_core.verb:set package 'demo_cpp_pkg' build argument 'cmake_clean_cache' from command line to 'False'
[0.120s] Level 5:colcon.colcon_core.verb:set package 'demo_cpp_pkg' build argument 'cmake_clean_first' from command line to 'False'
[0.120s] Level 5:colcon.colcon_core.verb:set package 'demo_cpp_pkg' build argument 'cmake_force_configure' from command line to 'False'
[0.120s] Level 5:colcon.colcon_core.verb:set package 'demo_cpp_pkg' build argument 'ament_cmake_args' from command line to 'None'
[0.120s] Level 5:colcon.colcon_core.verb:set package 'demo_cpp_pkg' build argument 'catkin_cmake_args' from command line to 'None'
[0.120s] Level 5:colcon.colcon_core.verb:set package 'demo_cpp_pkg' build argument 'catkin_skip_building_tests' from command line to 'False'
[0.120s] DEBUG:colcon.colcon_core.verb:Building package 'demo_cpp_pkg' with the following arguments: {'ament_cmake_args': None, 'build_base': '/home/xch/code/Ros2/chap02/demo_cpp_pkg/build/demo_cpp_pkg', 'catkin_cmake_args': None, 'catkin_skip_building_tests': False, 'cmake_args': None, 'cmake_clean_cache': False, 'cmake_clean_first': False, 'cmake_force_configure': False, 'cmake_target': None, 'cmake_target_skip_unavailable': False, 'install_base': '/home/xch/code/Ros2/chap02/demo_cpp_pkg/install/demo_cpp_pkg', 'merge_install': False, 'path': '/home/xch/code/Ros2/chap02/demo_cpp_pkg', 'symlink_install': False, 'test_result_base': None}
[0.120s] INFO:colcon.colcon_core.executor:Executing jobs using 'parallel' executor
[0.121s] DEBUG:colcon.colcon_parallel_executor.executor.parallel:run_until_complete
[0.121s] INFO:colcon.colcon_ros.task.ament_cmake.build:Building ROS package in '/home/xch/code/Ros2/chap02/demo_cpp_pkg' with build type 'ament_cmake'
[0.121s] INFO:colcon.colcon_cmake.task.cmake.build:Building CMake package in '/home/xch/code/Ros2/chap02/demo_cpp_pkg'
[0.122s] INFO:colcon.colcon_core.plugin_system:Skipping extension 'colcon_core.shell.bat': Not used on non-Windows systems
[0.122s] INFO:colcon.colcon_core.shell:Skip shell extension 'powershell' for command environment: Not usable outside of PowerShell
[0.122s] DEBUG:colcon.colcon_core.shell:Skip shell extension 'dsv' for command environment
[0.127s] DEBUG:colcon.colcon_core.event_handler.log_command:Invoking command in '/home/xch/code/Ros2/chap02/demo_cpp_pkg/build/demo_cpp_pkg': CMAKE_PREFIX_PATH=${CMAKE_PREFIX_PATH}:/opt/ros/jazzy DEBUGINFOD_URLS=https://debuginfod.ubuntu.com /usr/bin/cmake --build /home/xch/code/Ros2/chap02/demo_cpp_pkg/build/demo_cpp_pkg -- -j20 -l20
[2.113s] DEBUG:colcon.colcon_core.event_handler.log_command:Invoked command in '/home/xch/code/Ros2/chap02/demo_cpp_pkg/build/demo_cpp_pkg' returned '0': CMAKE_PREFIX_PATH=${CMAKE_PREFIX_PATH}:/opt/ros/jazzy DEBUGINFOD_URLS=https://debuginfod.ubuntu.com /usr/bin/cmake --build /home/xch/code/Ros2/chap02/demo_cpp_pkg/build/demo_cpp_pkg -- -j20 -l20
[2.120s] DEBUG:colcon.colcon_core.event_handler.log_command:Invoking command in '/home/xch/code/Ros2/chap02/demo_cpp_pkg/build/demo_cpp_pkg': CMAKE_PREFIX_PATH=${CMAKE_PREFIX_PATH}:/opt/ros/jazzy DEBUGINFOD_URLS=https://debuginfod.ubuntu.com /usr/bin/cmake --install /home/xch/code/Ros2/chap02/demo_cpp_pkg/build/demo_cpp_pkg
[2.129s] Level 1:colcon.colcon_core.environment:create_environment_scripts_only(demo_cpp_pkg)
[2.130s] DEBUG:colcon.colcon_core.event_handler.log_command:Invoked command in '/home/xch/code/Ros2/chap02/demo_cpp_pkg/build/demo_cpp_pkg' returned '0': CMAKE_PREFIX_PATH=${CMAKE_PREFIX_PATH}:/opt/ros/jazzy DEBUGINFOD_URLS=https://debuginfod.ubuntu.com /usr/bin/cmake --install /home/xch/code/Ros2/chap02/demo_cpp_pkg/build/demo_cpp_pkg
[2.132s] Level 1:colcon.colcon_core.environment:checking '/home/xch/code/Ros2/chap02/demo_cpp_pkg/install/demo_cpp_pkg' for CMake module files
[2.133s] Level 1:colcon.colcon_core.environment:checking '/home/xch/code/Ros2/chap02/demo_cpp_pkg/install/demo_cpp_pkg' for CMake config files
[2.133s] Level 1:colcon.colcon_core.shell:create_environment_hook('demo_cpp_pkg', 'cmake_prefix_path')
[2.133s] INFO:colcon.colcon_core.shell:Creating environment hook '/home/xch/code/Ros2/chap02/demo_cpp_pkg/install/demo_cpp_pkg/share/demo_cpp_pkg/hook/cmake_prefix_path.ps1'
[2.134s] INFO:colcon.colcon_core.shell:Creating environment descriptor '/home/xch/code/Ros2/chap02/demo_cpp_pkg/install/demo_cpp_pkg/share/demo_cpp_pkg/hook/cmake_prefix_path.dsv'
[2.135s] INFO:colcon.colcon_core.shell:Creating environment hook '/home/xch/code/Ros2/chap02/demo_cpp_pkg/install/demo_cpp_pkg/share/demo_cpp_pkg/hook/cmake_prefix_path.sh'
[2.136s] Level 1:colcon.colcon_core.environment:checking '/home/xch/code/Ros2/chap02/demo_cpp_pkg/install/demo_cpp_pkg/lib'
[2.136s] Level 1:colcon.colcon_core.environment:checking '/home/xch/code/Ros2/chap02/demo_cpp_pkg/install/demo_cpp_pkg/bin'
[2.136s] Level 1:colcon.colcon_core.environment:checking '/home/xch/code/Ros2/chap02/demo_cpp_pkg/install/demo_cpp_pkg/lib/pkgconfig/demo_cpp_pkg.pc'
[2.136s] Level 1:colcon.colcon_core.environment:checking '/home/xch/code/Ros2/chap02/demo_cpp_pkg/install/demo_cpp_pkg/lib/python3.12/site-packages'
[2.137s] Level 1:colcon.colcon_core.environment:checking '/home/xch/code/Ros2/chap02/demo_cpp_pkg/install/demo_cpp_pkg/bin'
[2.137s] INFO:colcon.colcon_core.shell:Creating package script '/home/xch/code/Ros2/chap02/demo_cpp_pkg/install/demo_cpp_pkg/share/demo_cpp_pkg/package.ps1'
[2.137s] INFO:colcon.colcon_core.shell:Creating package descriptor '/home/xch/code/Ros2/chap02/demo_cpp_pkg/install/demo_cpp_pkg/share/demo_cpp_pkg/package.dsv'
[2.138s] INFO:colcon.colcon_core.shell:Creating package script '/home/xch/code/Ros2/chap02/demo_cpp_pkg/install/demo_cpp_pkg/share/demo_cpp_pkg/package.sh'
[2.138s] INFO:colcon.colcon_core.shell:Creating package script '/home/xch/code/Ros2/chap02/demo_cpp_pkg/install/demo_cpp_pkg/share/demo_cpp_pkg/package.bash'
[2.138s] INFO:colcon.colcon_core.shell:Creating package script '/home/xch/code/Ros2/chap02/demo_cpp_pkg/install/demo_cpp_pkg/share/demo_cpp_pkg/package.zsh'
[2.139s] Level 1:colcon.colcon_core.environment:create_file_with_runtime_dependencies(/home/xch/code/Ros2/chap02/demo_cpp_pkg/install/demo_cpp_pkg/share/colcon-core/packages/demo_cpp_pkg)
[2.139s] Level 1:colcon.colcon_core.environment:create_environment_scripts_only(demo_cpp_pkg)
[2.139s] Level 1:colcon.colcon_core.environment:checking '/home/xch/code/Ros2/chap02/demo_cpp_pkg/install/demo_cpp_pkg' for CMake module files
[2.140s] Level 1:colcon.colcon_core.environment:checking '/home/xch/code/Ros2/chap02/demo_cpp_pkg/install/demo_cpp_pkg' for CMake config files
[2.140s] Level 1:colcon.colcon_core.shell:create_environment_hook('demo_cpp_pkg', 'cmake_prefix_path')
[2.140s] INFO:colcon.colcon_core.shell:Creating environment hook '/home/xch/code/Ros2/chap02/demo_cpp_pkg/install/demo_cpp_pkg/share/demo_cpp_pkg/hook/cmake_prefix_path.ps1'
[2.140s] INFO:colcon.colcon_core.shell:Creating environment descriptor '/home/xch/code/Ros2/chap02/demo_cpp_pkg/install/demo_cpp_pkg/share/demo_cpp_pkg/hook/cmake_prefix_path.dsv'
[2.140s] INFO:colcon.colcon_core.shell:Creating environment hook '/home/xch/code/Ros2/chap02/demo_cpp_pkg/install/demo_cpp_pkg/share/demo_cpp_pkg/hook/cmake_prefix_path.sh'
[2.141s] Level 1:colcon.colcon_core.environment:checking '/home/xch/code/Ros2/chap02/demo_cpp_pkg/install/demo_cpp_pkg/lib'
[2.141s] Level 1:colcon.colcon_core.environment:checking '/home/xch/code/Ros2/chap02/demo_cpp_pkg/install/demo_cpp_pkg/bin'
[2.141s] Level 1:colcon.colcon_core.environment:checking '/home/xch/code/Ros2/chap02/demo_cpp_pkg/install/demo_cpp_pkg/lib/pkgconfig/demo_cpp_pkg.pc'
[2.141s] Level 1:colcon.colcon_core.environment:checking '/home/xch/code/Ros2/chap02/demo_cpp_pkg/install/demo_cpp_pkg/lib/python3.12/site-packages'
[2.141s] Level 1:colcon.colcon_core.environment:checking '/home/xch/code/Ros2/chap02/demo_cpp_pkg/install/demo_cpp_pkg/bin'
[2.141s] INFO:colcon.colcon_core.shell:Creating package script '/home/xch/code/Ros2/chap02/demo_cpp_pkg/install/demo_cpp_pkg/share/demo_cpp_pkg/package.ps1'
[2.141s] INFO:colcon.colcon_core.shell:Creating package descriptor '/home/xch/code/Ros2/chap02/demo_cpp_pkg/install/demo_cpp_pkg/share/demo_cpp_pkg/package.dsv'
[2.142s] INFO:colcon.colcon_core.shell:Creating package script '/home/xch/code/Ros2/chap02/demo_cpp_pkg/install/demo_cpp_pkg/share/demo_cpp_pkg/package.sh'
[2.142s] INFO:colcon.colcon_core.shell:Creating package script '/home/xch/code/Ros2/chap02/demo_cpp_pkg/install/demo_cpp_pkg/share/demo_cpp_pkg/package.bash'
[2.142s] INFO:colcon.colcon_core.shell:Creating package script '/home/xch/code/Ros2/chap02/demo_cpp_pkg/install/demo_cpp_pkg/share/demo_cpp_pkg/package.zsh'
[2.142s] Level 1:colcon.colcon_core.environment:create_file_with_runtime_dependencies(/home/xch/code/Ros2/chap02/demo_cpp_pkg/install/demo_cpp_pkg/share/colcon-core/packages/demo_cpp_pkg)
[2.142s] DEBUG:colcon.colcon_parallel_executor.executor.parallel:closing loop
[2.142s] DEBUG:colcon.colcon_parallel_executor.executor.parallel:loop closed
[2.143s] DEBUG:colcon.colcon_parallel_executor.executor.parallel:run_until_complete finished with '0'
[2.143s] DEBUG:colcon.colcon_core.event_reactor:joining thread
[2.146s] INFO:colcon.colcon_core.plugin_system:Skipping extension 'colcon_notification.desktop_notification.terminal_notifier': Not used on non-Darwin systems
[2.146s] INFO:colcon.colcon_core.plugin_system:Skipping extension 'colcon_notification.desktop_notification.win32': Not used on non-Windows systems
[2.146s] INFO:colcon.colcon_notification.desktop_notification:Sending desktop notification using 'notify2'
[2.156s] DEBUG:colcon.colcon_core.event_reactor:joined thread
[2.156s] INFO:colcon.colcon_core.shell:Creating prefix script '/home/xch/code/Ros2/chap02/demo_cpp_pkg/install/local_setup.ps1'
[2.157s] INFO:colcon.colcon_core.shell:Creating prefix util module '/home/xch/code/Ros2/chap02/demo_cpp_pkg/install/_local_setup_util_ps1.py'
[2.158s] INFO:colcon.colcon_core.shell:Creating prefix chain script '/home/xch/code/Ros2/chap02/demo_cpp_pkg/install/setup.ps1'
[2.159s] INFO:colcon.colcon_core.shell:Creating prefix script '/home/xch/code/Ros2/chap02/demo_cpp_pkg/install/local_setup.sh'
[2.159s] INFO:colcon.colcon_core.shell:Creating prefix util module '/home/xch/code/Ros2/chap02/demo_cpp_pkg/install/_local_setup_util_sh.py'
[2.160s] INFO:colcon.colcon_core.shell:Creating prefix chain script '/home/xch/code/Ros2/chap02/demo_cpp_pkg/install/setup.sh'
[2.160s] INFO:colcon.colcon_core.shell:Creating prefix script '/home/xch/code/Ros2/chap02/demo_cpp_pkg/install/local_setup.bash'
[2.161s] INFO:colcon.colcon_core.shell:Creating prefix chain script '/home/xch/code/Ros2/chap02/demo_cpp_pkg/install/setup.bash'
[2.161s] INFO:colcon.colcon_core.shell:Creating prefix script '/home/xch/code/Ros2/chap02/demo_cpp_pkg/install/local_setup.zsh'
[2.161s] INFO:colcon.colcon_core.shell:Creating prefix chain script '/home/xch/code/Ros2/chap02/demo_cpp_pkg/install/setup.zsh'
